<?xml version="1.0"?><coverage lines-covered="1039" lines-valid="1851" line-rate="0.5613182063749325" branches-covered="0" branches-valid="0" branch-rate="0" complexity="0" version="1.9" timestamp="1767384028"><sources><source>/Users/rlemeill/Development/genpdfi_extended</source></sources><packages><package name="src/elements" line-rate="0.6527777777777778" branch-rate="0" complexity="0"><classes><class name="images" filename="src/elements/images.rs" line-rate="0.6527777777777778" branch-rate="0" complexity="0"><methods/><lines><line number="65" hits="5"/><line number="66" hits="15"/><line number="67" hits="1"/><line number="68" hits="1"/><line number="69" hits="1"/><line number="72" hits="4"/><line number="73" hits="8"/><line number="74" hits="8"/><line number="75" hits="8"/><line number="76" hits="8"/><line number="77" hits="4"/><line number="78" hits="4"/><line number="83" hits="1"/><line number="89" hits="2"/><line number="94" hits="2"/><line number="98" hits="0"/><line number="104" hits="0"/><line number="108" hits="1"/><line number="109" hits="3"/><line number="110" hits="3"/><line number="111" hits="1"/><line number="112" hits="2"/><line number="116" hits="1"/><line number="117" hits="1"/><line number="121" hits="0"/><line number="122" hits="0"/><line number="123" hits="0"/><line number="127" hits="0"/><line number="128" hits="0"/><line number="132" hits="0"/><line number="133" hits="0"/><line number="134" hits="0"/><line number="138" hits="0"/><line number="139" hits="0"/><line number="143" hits="0"/><line number="144" hits="0"/><line number="145" hits="0"/><line number="149" hits="1"/><line number="150" hits="2"/><line number="151" hits="1"/><line number="152" hits="0"/><line number="153" hits="0"/><line number="155" hits="2"/><line number="159" hits="4"/><line number="160" hits="12"/><line number="162" hits="16"/><line number="163" hits="12"/><line number="164" hits="16"/><line number="166" hits="8"/><line number="167" hits="8"/><line number="172" hits="0"/><line number="173" hits="0"/><line number="178" hits="0"/><line number="179" hits="0"/><line number="180" hits="0"/><line number="184" hits="1"/><line number="185" hits="1"/><line number="189" hits="0"/><line number="190" hits="0"/><line number="191" hits="0"/><line number="196" hits="2"/><line number="202" hits="4"/><line number="203" hits="6"/><line number="204" hits="8"/><line number="206" hits="7"/><line number="207" hits="1"/><line number="210" hits="1"/><line number="214" hits="4"/><line number="219" hits="2"/><line number="222" hits="14"/><line number="227" hits="2"/><line number="229" hits="2"/></lines></class></classes></package><package name="examples" line-rate="0" branch-rate="0" complexity="0"><classes></classes></package><package name="src" line-rate="0.5613182063749325" branch-rate="0" complexity="0"><classes><class name="elements" filename="src/elements.rs" line-rate="0.45727482678983833" branch-rate="0" complexity="0"><methods/><lines><line number="65" hits="8"/><line number="66" hits="8"/><line number="71" hits="1"/><line number="72" hits="1"/><line number="104" hits="5"/><line number="106" hits="5"/><line number="112" hits="5"/><line number="113" hits="5"/><line number="117" hits="3"/><line number="118" hits="9"/><line number="122" hits="0"/><line number="123" hits="0"/><line number="124" hits="0"/><line number="127" hits="0"/><line number="133" hits="0"/><line number="134" hits="0"/><line number="135" hits="0"/><line number="136" hits="0"/><line number="137" hits="0"/><line number="138" hits="0"/><line number="139" hits="0"/><line number="140" hits="0"/><line number="141" hits="0"/><line number="143" hits="0"/><line number="145" hits="0"/><line number="146" hits="0"/><line number="151" hits="0"/><line number="158" hits="0"/><line number="163" hits="1"/><line number="164" hits="1"/><line number="165" hits="8"/><line number="366" hits="5"/><line number="367" hits="5"/><line number="374" hits="0"/><line number="380" hits="0"/><line number="381" hits="0"/><line number="382" hits="0"/><line number="383" hits="0"/><line number="384" hits="0"/><line number="385" hits="0"/><line number="386" hits="0"/><line number="388" hits="0"/><line number="389" hits="0"/><line number="390" hits="0"/><line number="393" hits="0"/><line number="395" hits="0"/><line number="458" hits="5"/><line number="460" hits="15"/><line number="466" hits="2"/><line number="467" hits="2"/><line number="471" hits="1"/><line number="472" hits="3"/><line number="473" hits="1"/><line number="477" hits="2"/><line number="478" hits="8"/><line number="482" hits="1"/><line number="483" hits="3"/><line number="484" hits="1"/><line number="488" hits="2"/><line number="489" hits="12"/><line number="503" hits="1"/><line number="509" hits="5"/><line number="510" hits="3"/><line number="511" hits="1"/><line number="515" hits="1"/><line number="516" hits="4"/><line number="517" hits="1"/><line number="520" hits="0"/><line number="521" hits="0"/><line number="522" hits="0"/><line number="523" hits="0"/><line number="524" hits="0"/><line number="528" hits="0"/><line number="529" hits="0"/><line number="530" hits="0"/><line number="531" hits="0"/><line number="533" hits="0"/><line number="539" hits="0"/><line number="545" hits="0"/><line number="547" hits="0"/><line number="549" hits="0"/><line number="550" hits="0"/><line number="551" hits="0"/><line number="553" hits="0"/><line number="556" hits="0"/><line number="557" hits="0"/><line number="559" hits="0"/><line number="560" hits="0"/><line number="561" hits="0"/><line number="562" hits="0"/><line number="563" hits="0"/><line number="564" hits="0"/><line number="566" hits="0"/><line number="567" hits="0"/><line number="568" hits="0"/><line number="570" hits="0"/><line number="571" hits="0"/><line number="572" hits="0"/><line number="573" hits="0"/><line number="575" hits="0"/><line number="577" hits="0"/><line number="579" hits="0"/><line number="581" hits="0"/><line number="582" hits="0"/><line number="584" hits="0"/><line number="585" hits="0"/><line number="586" hits="0"/><line number="587" hits="0"/><line number="590" hits="0"/><line number="591" hits="0"/><line number="592" hits="0"/><line number="593" hits="0"/><line number="599" hits="0"/><line number="600" hits="0"/><line number="601" hits="0"/><line number="602" hits="0"/><line number="604" hits="0"/><line number="605" hits="0"/><line number="609" hits="0"/><line number="614" hits="0"/><line number="623" hits="0"/><line number="624" hits="0"/><line number="625" hits="0"/><line number="631" hits="0"/><line number="632" hits="0"/><line number="633" hits="0"/><line number="634" hits="0"/><line number="655" hits="1"/><line number="657" hits="1"/><line number="663" hits="0"/><line number="669" hits="0"/><line number="670" hits="0"/><line number="671" hits="0"/><line number="673" hits="0"/><line number="674" hits="0"/><line number="675" hits="0"/><line number="676" hits="0"/><line number="677" hits="0"/><line number="679" hits="0"/><line number="680" hits="0"/><line number="682" hits="0"/><line number="702" hits="1"/><line number="703" hits="1"/><line number="708" hits="0"/><line number="714" hits="0"/><line number="715" hits="0"/><line number="720" hits="0"/><line number="721" hits="0"/><line number="722" hits="0"/><line number="723" hits="0"/><line number="758" hits="1"/><line number="761" hits="1"/><line number="767" hits="0"/><line number="773" hits="0"/><line number="774" hits="0"/><line number="775" hits="0"/><line number="777" hits="0"/><line number="778" hits="0"/><line number="779" hits="0"/><line number="780" hits="0"/><line number="813" hits="1"/><line number="816" hits="1"/><line number="822" hits="0"/><line number="828" hits="0"/><line number="829" hits="0"/><line number="861" hits="1"/><line number="862" hits="3"/><line number="867" hits="1"/><line number="871" hits="1"/><line number="877" hits="0"/><line number="885" hits="0"/><line number="886" hits="0"/><line number="889" hits="0"/><line number="890" hits="0"/><line number="891" hits="0"/><line number="892" hits="0"/><line number="893" hits="0"/><line number="894" hits="0"/><line number="895" hits="0"/><line number="897" hits="0"/><line number="898" hits="0"/><line number="899" hits="0"/><line number="900" hits="0"/><line number="904" hits="0"/><line number="905" hits="0"/><line number="906" hits="0"/><line number="907" hits="0"/><line number="909" hits="0"/><line number="913" hits="0"/><line number="914" hits="0"/><line number="915" hits="0"/><line number="916" hits="0"/><line number="918" hits="0"/><line number="919" hits="0"/><line number="920" hits="0"/><line number="921" hits="0"/><line number="922" hits="0"/><line number="925" hits="0"/><line number="926" hits="0"/><line number="927" hits="0"/><line number="928" hits="0"/><line number="929" hits="0"/><line number="932" hits="0"/><line number="933" hits="0"/><line number="936" hits="0"/><line number="938" hits="0"/><line number="1000" hits="1"/><line number="1002" hits="1"/><line number="1008" hits="1"/><line number="1010" hits="2"/><line number="1011" hits="1"/><line number="1016" hits="1"/><line number="1017" hits="3"/><line number="1018" hits="1"/><line number="1019" hits="0"/><line number="1021" hits="3"/><line number="1025" hits="0"/><line number="1026" hits="0"/><line number="1027" hits="0"/><line number="1032" hits="0"/><line number="1038" hits="0"/><line number="1043" hits="0"/><line number="1044" hits="0"/><line number="1049" hits="0"/><line number="1050" hits="0"/><line number="1051" hits="0"/><line number="1057" hits="0"/><line number="1058" hits="0"/><line number="1059" hits="0"/><line number="1060" hits="0"/><line number="1122" hits="1"/><line number="1123" hits="1"/><line number="1127" hits="2"/><line number="1129" hits="2"/><line number="1135" hits="1"/><line number="1136" hits="3"/><line number="1137" hits="4"/><line number="1138" hits="3"/><line number="1139" hits="1"/><line number="1143" hits="0"/><line number="1144" hits="0"/><line number="1145" hits="0"/><line number="1150" hits="0"/><line number="1156" hits="0"/><line number="1161" hits="0"/><line number="1162" hits="0"/><line number="1167" hits="0"/><line number="1168" hits="0"/><line number="1169" hits="0"/><line number="1175" hits="0"/><line number="1176" hits="0"/><line number="1177" hits="0"/><line number="1178" hits="0"/><line number="1210" hits="4"/><line number="1213" hits="8"/><line number="1214" hits="4"/><line number="1215" hits="4"/><line number="1221" hits="3"/><line number="1222" hits="9"/><line number="1226" hits="1"/><line number="1227" hits="3"/><line number="1228" hits="1"/><line number="1233" hits="0"/><line number="1239" hits="0"/><line number="1240" hits="0"/><line number="1241" hits="0"/><line number="1242" hits="0"/><line number="1243" hits="0"/><line number="1244" hits="0"/><line number="1245" hits="0"/><line number="1246" hits="0"/><line number="1247" hits="0"/><line number="1248" hits="0"/><line number="1249" hits="0"/><line number="1251" hits="0"/><line number="1253" hits="0"/><line number="1270" hits="0"/><line number="1271" hits="0"/><line number="1275" hits="0"/><line number="1281" hits="0"/><line number="1282" hits="0"/><line number="1318" hits="1"/><line number="1328" hits="1"/><line number="1338" hits="2"/><line number="1343" hits="3"/><line number="1344" hits="3"/><line number="1345" hits="2"/><line number="1347" hits="1"/><line number="1351" hits="3"/><line number="1352" hits="3"/><line number="1353" hits="1"/><line number="1355" hits="2"/><line number="1359" hits="3"/><line number="1360" hits="9"/><line number="1361" hits="3"/><line number="1362" hits="2"/><line number="1364" hits="1"/><line number="1367" hits="0"/><line number="1371" hits="3"/><line number="1372" hits="3"/><line number="1373" hits="0"/><line number="1374" hits="3"/><line number="1375" hits="0"/><line number="1377" hits="3"/><line number="1383" hits="2"/><line number="1384" hits="2"/><line number="1385" hits="2"/><line number="1388" hits="1"/><line number="1394" hits="3"/><line number="1396" hits="3"/><line number="1397" hits="1"/><line number="1399" hits="0"/><line number="1401" hits="3"/><line number="1402" hits="0"/><line number="1404" hits="1"/><line number="1406" hits="3"/><line number="1407" hits="0"/><line number="1409" hits="1"/><line number="1411" hits="3"/><line number="1412" hits="1"/><line number="1414" hits="0"/><line number="1417" hits="3"/><line number="1418" hits="1"/><line number="1421" hits="2"/><line number="1429" hits="8"/><line number="1430" hits="10"/><line number="1431" hits="8"/><line number="1432" hits="8"/><line number="1434" hits="6"/><line number="1435" hits="4"/><line number="1437" hits="4"/><line number="1438" hits="4"/><line number="1439" hits="4"/><line number="1440" hits="4"/><line number="1441" hits="2"/><line number="1442" hits="0"/><line number="1444" hits="2"/><line number="1446" hits="2"/><line number="1447" hits="4"/><line number="1449" hits="0"/><line number="1452" hits="4"/><line number="1454" hits="4"/><line number="1455" hits="6"/><line number="1456" hits="4"/><line number="1457" hits="8"/><line number="1458" hits="8"/><line number="1460" hits="4"/><line number="1462" hits="4"/><line number="1465" hits="3"/><line number="1466" hits="3"/><line number="1467" hits="2"/><line number="1468" hits="4"/><line number="1469" hits="3"/><line number="1471" hits="1"/><line number="1475" hits="2"/><line number="1476" hits="0"/><line number="1477" hits="0"/><line number="1478" hits="0"/><line number="1479" hits="0"/><line number="1481" hits="0"/><line number="1483" hits="0"/><line number="1486" hits="4"/><line number="1487" hits="6"/><line number="1488" hits="4"/><line number="1489" hits="8"/><line number="1490" hits="6"/><line number="1492" hits="2"/><line number="1496" hits="3"/><line number="1497" hits="1"/><line number="1500" hits="2"/><line number="1543" hits="2"/><line number="1546" hits="2"/><line number="1551" hits="2"/><line number="1552" hits="6"/><line number="1557" hits="2"/><line number="1558" hits="6"/><line number="1559" hits="2"/><line number="1566" hits="2"/><line number="1567" hits="6"/><line number="1572" hits="0"/><line number="1573" hits="0"/><line number="1574" hits="0"/><line number="1626" hits="2"/><line number="1629" hits="2"/><line number="1636" hits="0"/><line number="1637" hits="0"/><line number="1643" hits="2"/><line number="1644" hits="4"/><line number="1651" hits="4"/><line number="1652" hits="12"/><line number="1653" hits="9"/><line number="1654" hits="3"/><line number="1656" hits="2"/><line number="1657" hits="2"/><line number="1658" hits="2"/><line number="1659" hits="3"/><line number="1660" hits="2"/><line number="1662" hits="1"/><line number="1667" hits="1"/><line number="1673" hits="2"/><line number="1675" hits="4"/><line number="1676" hits="2"/><line number="1677" hits="0"/><line number="1680" hits="0"/><line number="1683" hits="2"/><line number="1686" hits="2"/><line number="1687" hits="5"/><line number="1688" hits="7"/><line number="1689" hits="1"/><line number="1690" hits="2"/><line number="1692" hits="1"/><line number="1694" hits="1"/><line number="1695" hits="0"/><line number="1696" hits="0"/><line number="1697" hits="0"/><line number="1698" hits="0"/><line number="1702" hits="1"/><line number="1707" hits="1"/><line number="1713" hits="2"/><line number="1714" hits="2"/><line number="1715" hits="0"/><line number="1717" hits="1"/><line number="1718" hits="0"/><line number="1720" hits="1"/><line number="1721" hits="2"/><line number="1722" hits="7"/><line number="1723" hits="1"/><line number="1724" hits="4"/><line number="1725" hits="1"/><line number="1726" hits="1"/><line number="1728" hits="0"/><line number="1730" hits="2"/><line number="1731" hits="1"/></lines></class><class name="error" filename="src/error.rs" line-rate="0.5333333333333333" branch-rate="0" complexity="0"><methods/><lines><line number="39" hits="3"/><line number="40" hits="9"/><line number="43" hits="1"/><line number="48" hits="2"/><line number="73" hits="6"/><line number="75" hits="18"/><line number="76" hits="6"/><line number="81" hits="1"/><line number="82" hits="1"/><line number="87" hits="2"/><line number="88" hits="6"/><line number="93" hits="1"/><line number="94" hits="1"/><line number="95" hits="0"/><line number="96" hits="0"/><line number="97" hits="0"/><line number="98" hits="0"/><line number="99" hits="0"/><line number="100" hits="2"/><line number="101" hits="0"/><line number="103" hits="0"/><line number="104" hits="0"/><line number="135" hits="1"/><line number="136" hits="1"/><line number="141" hits="0"/><line number="142" hits="0"/><line number="147" hits="0"/><line number="148" hits="0"/><line number="154" hits="0"/><line number="155" hits="0"/></lines></class><class name="fonts" filename="src/fonts.rs" line-rate="0.38285714285714284" branch-rate="0" complexity="0"><methods/><lines><line number="109" hits="13"/><line number="111" hits="26"/><line number="112" hits="26"/><line number="114" hits="13"/><line number="116" hits="26"/><line number="117" hits="13"/><line number="134" hits="64"/><line number="135" hits="128"/><line number="136" hits="4"/><line number="137" hits="60"/><line number="139" hits="384"/><line number="140" hits="192"/><line number="141" hits="64"/><line number="145" hits="16"/><line number="147" hits="64"/><line number="148" hits="64"/><line number="149" hits="64"/><line number="150" hits="32"/><line number="171" hits="4"/><line number="172" hits="8"/><line number="173" hits="8"/><line number="175" hits="36"/><line number="176" hits="32"/><line number="177" hits="16"/><line number="178" hits="12"/><line number="179" hits="36"/><line number="182" hits="33"/><line number="183" hits="18"/><line number="185" hits="12"/><line number="186" hits="15"/><line number="187" hits="3"/><line number="191" hits="48"/><line number="193" hits="4"/><line number="197" hits="8"/><line number="198" hits="8"/><line number="209" hits="5"/><line number="210" hits="10"/><line number="219" hits="15"/><line number="220" hits="15"/><line number="252" hits="15"/><line number="253" hits="31"/><line number="254" hits="1"/><line number="256" hits="28"/><line number="259" hits="59"/><line number="260" hits="18"/><line number="261" hits="14"/><line number="262" hits="0"/><line number="263" hits="0"/><line number="264" hits="0"/><line number="267" hits="14"/><line number="287" hits="0"/><line number="291" hits="0"/><line number="292" hits="0"/><line number="294" hits="0"/><line number="297" hits="0"/><line number="298" hits="0"/><line number="299" hits="0"/><line number="300" hits="0"/><line number="301" hits="0"/><line number="302" hits="0"/><line number="305" hits="0"/><line number="317" hits="0"/><line number="321" hits="0"/><line number="322" hits="0"/><line number="323" hits="0"/><line number="331" hits="0"/><line number="332" hits="0"/><line number="333" hits="0"/><line number="334" hits="0"/><line number="335" hits="0"/><line number="336" hits="0"/><line number="358" hits="0"/><line number="361" hits="0"/><line number="385" hits="0"/><line number="386" hits="0"/><line number="387" hits="0"/><line number="389" hits="0"/><line number="390" hits="0"/><line number="391" hits="0"/><line number="396" hits="0"/><line number="397" hits="0"/><line number="419" hits="0"/><line number="420" hits="0"/><line number="421" hits="0"/><line number="423" hits="0"/><line number="428" hits="0"/><line number="429" hits="0"/><line number="433" hits="0"/><line number="434" hits="0"/><line number="438" hits="0"/><line number="439" hits="0"/><line number="443" hits="0"/><line number="444" hits="0"/><line number="480" hits="0"/><line number="483" hits="0"/><line number="488" hits="0"/><line number="489" hits="0"/><line number="490" hits="0"/><line number="498" hits="0"/><line number="500" hits="0"/><line number="501" hits="0"/><line number="505" hits="0"/><line number="506" hits="0"/><line number="507" hits="0"/><line number="512" hits="0"/><line number="516" hits="0"/><line number="517" hits="0"/><line number="521" hits="0"/><line number="522" hits="0"/><line number="529" hits="0"/><line number="530" hits="0"/><line number="531" hits="0"/><line number="533" hits="0"/><line number="535" hits="0"/><line number="536" hits="0"/><line number="538" hits="0"/><line number="539" hits="0"/><line number="544" hits="0"/><line number="545" hits="0"/><line number="568" hits="0"/><line number="569" hits="0"/><line number="570" hits="0"/><line number="571" hits="0"/><line number="573" hits="0"/><line number="574" hits="0"/><line number="577" hits="0"/><line number="578" hits="0"/><line number="579" hits="0"/><line number="580" hits="0"/><line number="581" hits="0"/><line number="583" hits="0"/><line number="586" hits="0"/><line number="589" hits="0"/><line number="593" hits="0"/><line number="594" hits="0"/><line number="595" hits="0"/><line number="599" hits="0"/><line number="618" hits="0"/><line number="619" hits="0"/><line number="620" hits="0"/><line number="621" hits="0"/><line number="622" hits="0"/><line number="623" hits="0"/><line number="629" hits="0"/><line number="630" hits="0"/><line number="651" hits="0"/><line number="652" hits="0"/><line number="653" hits="0"/><line number="654" hits="0"/><line number="655" hits="0"/><line number="656" hits="0"/><line number="657" hits="0"/><line number="659" hits="0"/><line number="660" hits="0"/><line number="661" hits="0"/><line number="662" hits="0"/><line number="663" hits="0"/><line number="665" hits="0"/><line number="666" hits="0"/><line number="667" hits="0"/><line number="668" hits="0"/><line number="669" hits="0"/><line number="692" hits="24"/><line number="693" hits="52"/><line number="694" hits="1"/><line number="695" hits="46"/><line number="696" hits="1"/><line number="697" hits="44"/><line number="698" hits="1"/><line number="700" hits="21"/><line number="826" hits="64"/><line number="827" hits="192"/><line number="828" hits="128"/><line number="830" hits="192"/><line number="831" hits="192"/><line number="832" hits="128"/><line number="833" hits="192"/><line number="835" hits="128"/><line number="836" hits="128"/><line number="837" hits="192"/><line number="843" hits="192"/><line number="844" hits="192"/><line number="845" hits="192"/><line number="846" hits="64"/><line number="850" hits="9"/><line number="851" hits="9"/><line number="855" hits="1"/><line number="856" hits="2"/><line number="860" hits="1"/><line number="861" hits="2"/><line number="877" hits="3"/><line number="878" hits="6"/><line number="882" hits="3"/><line number="883" hits="6"/><line number="891" hits="0"/><line number="892" hits="0"/><line number="893" hits="0"/><line number="894" hits="0"/><line number="904" hits="3"/><line number="905" hits="12"/><line number="906" hits="9"/><line number="907" hits="6"/><line number="911" hits="3"/><line number="913" hits="3"/><line number="914" hits="3"/><line number="916" hits="6"/><line number="917" hits="4"/><line number="918" hits="6"/><line number="919" hits="2"/><line number="926" hits="8"/><line number="927" hits="16"/><line number="929" hits="1"/><line number="930" hits="0"/><line number="931" hits="0"/><line number="932" hits="0"/><line number="933" hits="0"/><line number="934" hits="0"/><line number="935" hits="0"/><line number="936" hits="0"/><line number="937" hits="0"/><line number="938" hits="0"/><line number="939" hits="0"/><line number="940" hits="0"/><line number="941" hits="0"/><line number="942" hits="0"/><line number="943" hits="0"/><line number="944" hits="0"/><line number="945" hits="0"/><line number="946" hits="0"/><line number="947" hits="0"/><line number="948" hits="0"/><line number="949" hits="0"/><line number="950" hits="0"/><line number="951" hits="0"/><line number="952" hits="0"/><line number="953" hits="1"/><line number="954" hits="0"/><line number="955" hits="0"/><line number="956" hits="0"/><line number="957" hits="0"/><line number="958" hits="0"/><line number="959" hits="0"/><line number="960" hits="2"/><line number="961" hits="0"/><line number="962" hits="0"/><line number="963" hits="0"/><line number="964" hits="0"/><line number="965" hits="0"/><line number="966" hits="0"/><line number="967" hits="0"/><line number="968" hits="0"/><line number="969" hits="0"/><line number="970" hits="0"/><line number="971" hits="0"/><line number="972" hits="0"/><line number="973" hits="0"/><line number="974" hits="0"/><line number="975" hits="0"/><line number="976" hits="0"/><line number="977" hits="0"/><line number="978" hits="0"/><line number="979" hits="0"/><line number="980" hits="0"/><line number="981" hits="0"/><line number="982" hits="0"/><line number="983" hits="0"/><line number="984" hits="0"/><line number="985" hits="0"/><line number="986" hits="0"/><line number="987" hits="0"/><line number="988" hits="0"/><line number="989" hits="1"/><line number="990" hits="0"/><line number="991" hits="0"/><line number="992" hits="0"/><line number="993" hits="0"/><line number="994" hits="0"/><line number="995" hits="0"/><line number="996" hits="2"/><line number="997" hits="0"/><line number="998" hits="0"/><line number="999" hits="1"/><line number="1000" hits="0"/><line number="1001" hits="0"/><line number="1002" hits="0"/><line number="1003" hits="0"/><line number="1004" hits="0"/><line number="1005" hits="0"/><line number="1006" hits="0"/><line number="1007" hits="0"/><line number="1008" hits="0"/><line number="1009" hits="0"/><line number="1010" hits="0"/><line number="1011" hits="0"/><line number="1012" hits="0"/><line number="1013" hits="0"/><line number="1014" hits="0"/><line number="1015" hits="0"/><line number="1029" hits="4"/><line number="1030" hits="12"/><line number="1032" hits="2"/><line number="1033" hits="16"/><line number="1034" hits="21"/><line number="1038" hits="6"/><line number="1039" hits="3"/><line number="1040" hits="9"/><line number="1041" hits="621"/><line number="1042" hits="827"/><line number="1046" hits="12"/><line number="1047" hits="16"/><line number="1049" hits="637"/><line number="1050" hits="426"/><line number="1052" hits="4"/><line number="1063" hits="9"/><line number="1072" hits="9"/><line number="1075" hits="8"/><line number="1077" hits="28"/><line number="1078" hits="28"/><line number="1079" hits="234"/><line number="1080" hits="653"/><line number="1081" hits="1065"/><line number="1083" hits="7"/><line number="1085" hits="220"/><line number="1086" hits="220"/><line number="1097" hits="3"/><line number="1101" hits="12"/><line number="1102" hits="12"/><line number="1103" hits="13"/><line number="1108" hits="6"/><line number="1110" hits="12"/><line number="1111" hits="12"/><line number="1112" hits="12"/><line number="1113" hits="12"/><line number="1118" hits="0"/><line number="1124" hits="0"/><line number="1126" hits="0"/><line number="1127" hits="0"/><line number="1142" hits="0"/><line number="1147" hits="0"/><line number="1148" hits="0"/><line number="1149" hits="0"/><line number="1150" hits="0"/><line number="1151" hits="0"/><line number="1152" hits="0"/><line number="1171" hits="6"/><line number="1181" hits="0"/><line number="1183" hits="0"/><line number="1184" hits="0"/><line number="1185" hits="0"/><line number="1186" hits="0"/></lines></class><class name="lib" filename="src/lib.rs" line-rate="0.3508771929824561" branch-rate="0" complexity="0"><methods/><lines><line number="67" hits="1"/><line number="68" hits="2"/><line number="73" hits="0"/><line number="74" hits="0"/><line number="79" hits="0"/><line number="80" hits="0"/><line number="85" hits="123"/><line number="86" hits="123"/><line number="91" hits="1"/><line number="92" hits="1"/><line number="97" hits="0"/><line number="98" hits="0"/><line number="103" hits="0"/><line number="104" hits="0"/><line number="109" hits="408"/><line number="110" hits="408"/><line number="115" hits="700"/><line number="116" hits="700"/><line number="121" hits="700"/><line number="122" hits="2800"/><line number="123" hits="1400"/><line number="128" hits="78"/><line number="129" hits="78"/><line number="134" hits="6"/><line number="135" hits="12"/><line number="156" hits="9"/><line number="157" hits="9"/><line number="182" hits="157"/><line number="184" hits="471"/><line number="185" hits="157"/><line number="191" hits="2"/><line number="192" hits="6"/><line number="212" hits="88"/><line number="213" hits="176"/><line number="214" hits="176"/><line number="215" hits="1"/><line number="216" hits="87"/><line number="217" hits="1"/><line number="219" hits="86"/><line number="226" hits="13"/><line number="227" hits="13"/><line number="228" hits="10"/><line number="230" hits="3"/><line number="236" hits="81"/><line number="238" hits="162"/><line number="243" hits="0"/><line number="244" hits="0"/><line number="259" hits="4"/><line number="260" hits="4"/><line number="275" hits="11"/><line number="277" hits="33"/><line number="278" hits="11"/><line number="284" hits="0"/><line number="285" hits="0"/><line number="300" hits="122"/><line number="302" hits="366"/><line number="303" hits="122"/><line number="312" hits="0"/><line number="313" hits="0"/><line number="314" hits="0"/><line number="315" hits="0"/><line number="320" hits="1"/><line number="321" hits="3"/><line number="342" hits="0"/><line number="343" hits="0"/><line number="344" hits="0"/><line number="345" hits="0"/><line number="346" hits="0"/><line number="366" hits="7"/><line number="373" hits="21"/><line number="374" hits="21"/><line number="375" hits="21"/><line number="376" hits="7"/><line number="382" hits="0"/><line number="383" hits="0"/><line number="384" hits="0"/><line number="388" hits="3"/><line number="389" hits="9"/><line number="390" hits="15"/><line number="395" hits="2"/><line number="396" hits="10"/><line number="401" hits="0"/><line number="402" hits="0"/><line number="407" hits="2"/><line number="408" hits="4"/><line number="465" hits="0"/><line number="466" hits="0"/><line number="468" hits="0"/><line number="469" hits="0"/><line number="470" hits="0"/><line number="471" hits="0"/><line number="472" hits="0"/><line number="487" hits="0"/><line number="491" hits="0"/><line number="500" hits="0"/><line number="501" hits="0"/><line number="515" hits="0"/><line number="516" hits="0"/><line number="522" hits="0"/><line number="523" hits="0"/><line number="529" hits="0"/><line number="530" hits="0"/><line number="538" hits="0"/><line number="539" hits="0"/><line number="550" hits="0"/><line number="551" hits="0"/><line number="555" hits="0"/><line number="556" hits="0"/><line number="563" hits="0"/><line number="564" hits="0"/><line number="565" hits="0"/><line number="566" hits="0"/><line number="567" hits="0"/><line number="568" hits="0"/><line number="574" hits="0"/><line number="575" hits="0"/><line number="579" hits="0"/><line number="580" hits="0"/><line number="591" hits="0"/><line number="592" hits="0"/><line number="613" hits="0"/><line number="614" hits="0"/><line number="615" hits="0"/><line number="616" hits="0"/><line number="618" hits="0"/><line number="619" hits="0"/><line number="621" hits="0"/><line number="622" hits="0"/><line number="624" hits="0"/><line number="625" hits="0"/><line number="626" hits="0"/><line number="627" hits="0"/><line number="628" hits="0"/><line number="630" hits="0"/><line number="631" hits="0"/><line number="632" hits="0"/><line number="633" hits="0"/><line number="634" hits="0"/><line number="635" hits="0"/><line number="638" hits="0"/><line number="640" hits="0"/><line number="643" hits="0"/><line number="652" hits="0"/><line number="653" hits="0"/><line number="654" hits="0"/><line number="655" hits="0"/><line number="656" hits="0"/><line number="661" hits="0"/><line number="662" hits="0"/><line number="730" hits="0"/><line number="731" hits="0"/><line number="737" hits="0"/><line number="738" hits="0"/><line number="746" hits="0"/><line number="752" hits="0"/><line number="757" hits="0"/><line number="763" hits="0"/><line number="764" hits="0"/><line number="765" hits="0"/><line number="767" hits="0"/><line number="768" hits="0"/><line number="769" hits="0"/><line number="770" hits="0"/><line number="772" hits="0"/><line number="829" hits="0"/><line number="833" hits="0"/><line number="837" hits="0"/><line number="841" hits="0"/><line number="845" hits="0"/><line number="849" hits="0"/><line number="872" hits="6"/></lines></class><class name="render" filename="src/render.rs" line-rate="0.8558052434456929" branch-rate="0" complexity="0"><methods/><lines><line number="37" hits="0"/><line number="38" hits="0"/><line number="39" hits="0"/><line number="40" hits="0"/><line number="54" hits="24"/><line number="55" hits="24"/><line number="63" hits="23"/><line number="64" hits="46"/><line number="65" hits="46"/><line number="66" hits="23"/><line number="72" hits="21"/><line number="73" hits="105"/><line number="80" hits="6"/><line number="81" hits="6"/><line number="121" hits="17"/><line number="122" hits="51"/><line number="123" hits="51"/><line number="125" hits="51"/><line number="126" hits="68"/><line number="127" hits="34"/><line number="128" hits="17"/><line number="129" hits="17"/><line number="131" hits="17"/><line number="132" hits="17"/><line number="135" hits="119"/><line number="136" hits="51"/><line number="138" hits="34"/><line number="139" hits="85"/><line number="141" hits="17"/><line number="142" hits="34"/><line number="143" hits="34"/><line number="144" hits="34"/><line number="145" hits="34"/><line number="146" hits="17"/><line number="153" hits="0"/><line number="154" hits="0"/><line number="155" hits="0"/><line number="161" hits="0"/><line number="162" hits="0"/><line number="163" hits="0"/><line number="169" hits="0"/><line number="170" hits="0"/><line number="171" hits="0"/><line number="177" hits="1"/><line number="178" hits="3"/><line number="179" hits="3"/><line number="180" hits="4"/><line number="181" hits="2"/><line number="182" hits="1"/><line number="183" hits="1"/><line number="185" hits="1"/><line number="186" hits="1"/><line number="189" hits="7"/><line number="190" hits="3"/><line number="191" hits="2"/><line number="192" hits="6"/><line number="196" hits="2"/><line number="197" hits="4"/><line number="202" hits="1"/><line number="203" hits="2"/><line number="208" hits="1"/><line number="209" hits="2"/><line number="213" hits="16"/><line number="214" hits="16"/><line number="218" hits="0"/><line number="219" hits="0"/><line number="223" hits="0"/><line number="224" hits="0"/><line number="228" hits="0"/><line number="229" hits="0"/><line number="230" hits="0"/><line number="245" hits="4"/><line number="250" hits="4"/><line number="269" hits="3"/><line number="270" hits="6"/><line number="271" hits="12"/><line number="272" hits="3"/><line number="273" hits="12"/><line number="274" hits="3"/><line number="289" hits="8"/><line number="291" hits="24"/><line number="292" hits="16"/><line number="293" hits="24"/><line number="295" hits="24"/><line number="296" hits="24"/><line number="297" hits="16"/><line number="299" hits="8"/><line number="300" hits="0"/><line number="301" hits="0"/><line number="305" hits="34"/><line number="308" hits="12"/><line number="309" hits="12"/><line number="310" hits="12"/><line number="311" hits="12"/><line number="312" hits="24"/><line number="315" hits="24"/><line number="316" hits="8"/><line number="318" hits="32"/><line number="319" hits="24"/><line number="320" hits="8"/><line number="323" hits="24"/><line number="324" hits="8"/><line number="328" hits="0"/><line number="329" hits="0"/><line number="330" hits="0"/><line number="332" hits="0"/><line number="336" hits="16"/><line number="337" hits="16"/><line number="339" hits="8"/><line number="340" hits="0"/><line number="342" hits="8"/><line number="343" hits="0"/><line number="345" hits="8"/><line number="346" hits="0"/><line number="350" hits="24"/><line number="351" hits="40"/><line number="352" hits="8"/><line number="368" hits="18"/><line number="372" hits="18"/><line number="390" hits="1"/><line number="391" hits="3"/><line number="392" hits="3"/><line number="409" hits="2"/><line number="410" hits="4"/><line number="429" hits="0"/><line number="430" hits="0"/><line number="449" hits="17"/><line number="450" hits="68"/><line number="454" hits="0"/><line number="455" hits="0"/><line number="458" hits="1"/><line number="459" hits="5"/><line number="460" hits="0"/><line number="461" hits="0"/><line number="462" hits="0"/><line number="464" hits="3"/><line number="473" hits="18"/><line number="475" hits="90"/><line number="476" hits="18"/><line number="478" hits="18"/><line number="483" hits="2"/><line number="484" hits="2"/><line number="488" hits="17"/><line number="489" hits="34"/><line number="493" hits="0"/><line number="494" hits="0"/><line number="498" hits="0"/><line number="499" hits="0"/><line number="504" hits="1"/><line number="505" hits="5"/><line number="506" hits="3"/><line number="507" hits="1"/><line number="512" hits="0"/><line number="513" hits="0"/><line number="514" hits="0"/><line number="515" hits="0"/><line number="519" hits="1"/><line number="524" hits="3"/><line number="525" hits="1"/><line number="528" hits="3"/><line number="542" hits="18"/><line number="547" hits="0"/><line number="548" hits="0"/><line number="555" hits="1"/><line number="556" hits="3"/><line number="573" hits="18"/><line number="574" hits="90"/><line number="587" hits="9"/><line number="598" hits="27"/><line number="599" hits="1"/><line number="603" hits="24"/><line number="604" hits="16"/><line number="605" hits="16"/><line number="608" hits="24"/><line number="609" hits="0"/><line number="611" hits="3"/><line number="613" hits="1"/><line number="614" hits="1"/><line number="617" hits="0"/><line number="619" hits="21"/><line number="621" hits="7"/><line number="622" hits="7"/><line number="632" hits="8"/><line number="636" hits="16"/><line number="637" hits="16"/><line number="638" hits="8"/><line number="639" hits="8"/><line number="640" hits="8"/><line number="641" hits="24"/><line number="643" hits="16"/><line number="646" hits="48"/><line number="649" hits="16"/><line number="650" hits="8"/><line number="651" hits="8"/><line number="655" hits="16"/><line number="656" hits="16"/><line number="657" hits="16"/><line number="658" hits="16"/><line number="659" hits="8"/><line number="663" hits="24"/><line number="664" hits="16"/><line number="665" hits="8"/><line number="668" hits="16"/><line number="671" hits="5"/><line number="675" hits="15"/><line number="677" hits="5"/><line number="678" hits="40"/><line number="679" hits="0"/><line number="686" hits="5"/><line number="687" hits="5"/><line number="688" hits="5"/><line number="689" hits="10"/><line number="692" hits="3"/><line number="693" hits="6"/><line number="694" hits="0"/><line number="695" hits="0"/><line number="700" hits="5"/><line number="701" hits="12"/><line number="702" hits="4"/><line number="703" hits="4"/><line number="704" hits="4"/><line number="705" hits="4"/><line number="706" hits="2"/><line number="711" hits="5"/><line number="712" hits="10"/><line number="713" hits="0"/><line number="714" hits="0"/><line number="715" hits="0"/><line number="716" hits="0"/><line number="720" hits="3"/><line number="721" hits="12"/><line number="722" hits="3"/><line number="723" hits="3"/><line number="724" hits="3"/><line number="725" hits="6"/><line number="728" hits="4"/><line number="729" hits="4"/><line number="730" hits="4"/><line number="731" hits="4"/><line number="732" hits="8"/><line number="735" hits="4"/><line number="736" hits="4"/><line number="737" hits="4"/><line number="738" hits="4"/><line number="739" hits="8"/><line number="742" hits="1"/><line number="743" hits="3"/><line number="746" hits="4"/><line number="747" hits="4"/><line number="748" hits="4"/><line number="749" hits="4"/><line number="750" hits="8"/><line number="751" hits="4"/><line number="755" hits="3"/><line number="756" hits="3"/><line number="757" hits="1"/><line number="758" hits="1"/><line number="759" hits="1"/><line number="760" hits="1"/><line number="761" hits="2"/><line number="762" hits="1"/><line number="763" hits="1"/><line number="766" hits="2"/><line number="767" hits="6"/><line number="768" hits="4"/><line number="769" hits="2"/><line number="783" hits="2"/><line number="794" hits="6"/><line number="795" hits="6"/><line number="796" hits="6"/><line number="797" hits="6"/><line number="798" hits="0"/><line number="799" hits="48"/><line number="800" hits="42"/><line number="801" hits="2"/><line number="802" hits="0"/><line number="805" hits="0"/><line number="809" hits="4"/><line number="814" hits="4"/><line number="815" hits="4"/><line number="816" hits="4"/><line number="817" hits="4"/><line number="822" hits="23"/><line number="823" hits="69"/><line number="827" hits="2"/><line number="828" hits="2"/><line number="829" hits="2"/><line number="830" hits="2"/><line number="831" hits="4"/><line number="848" hits="18"/><line number="852" hits="36"/><line number="853" hits="36"/><line number="854" hits="54"/><line number="855" hits="54"/><line number="856" hits="36"/><line number="860" hits="1"/><line number="862" hits="2"/><line number="863" hits="2"/><line number="864" hits="2"/><line number="865" hits="2"/><line number="866" hits="3"/><line number="867" hits="3"/><line number="868" hits="2"/><line number="872" hits="3"/><line number="873" hits="12"/><line number="874" hits="6"/><line number="877" hits="5"/><line number="878" hits="10"/><line number="881" hits="5"/><line number="882" hits="10"/><line number="900" hits="18"/><line number="912" hits="1"/><line number="913" hits="3"/><line number="916" hits="1"/><line number="917" hits="1"/><line number="922" hits="2"/><line number="923" hits="6"/><line number="924" hits="2"/><line number="925" hits="2"/><line number="926" hits="4"/><line number="927" hits="4"/><line number="931" hits="14"/><line number="932" hits="14"/><line number="936" hits="9"/><line number="937" hits="27"/><line number="938" hits="9"/><line number="939" hits="9"/><line number="940" hits="9"/><line number="941" hits="9"/><line number="945" hits="4"/><line number="946" hits="4"/><line number="950" hits="1"/><line number="951" hits="1"/><line number="955" hits="1"/><line number="956" hits="1"/><line number="976" hits="2"/><line number="977" hits="10"/><line number="978" hits="4"/><line number="979" hits="14"/><line number="980" hits="4"/><line number="981" hits="4"/><line number="982" hits="11"/><line number="983" hits="12"/><line number="984" hits="6"/><line number="985" hits="6"/><line number="986" hits="12"/><line number="987" hits="3"/><line number="989" hits="2"/><line number="1003" hits="9"/><line number="1011" hits="9"/><line number="1012" hits="72"/><line number="1018" hits="5"/><line number="1022" hits="20"/><line number="1023" hits="20"/><line number="1024" hits="5"/><line number="1025" hits="50"/><line number="1033" hits="2"/><line number="1040" hits="1"/><line number="1041" hits="12"/><line number="1043" hits="4"/><line number="1044" hits="1"/><line number="1046" hits="1"/><line number="1078" hits="6"/><line number="1084" hits="18"/><line number="1085" hits="18"/><line number="1086" hits="24"/><line number="1090" hits="24"/><line number="1091" hits="72"/><line number="1098" hits="3"/><line number="1106" hits="2"/><line number="1107" hits="18"/><line number="1109" hits="10"/><line number="1110" hits="2"/><line number="1112" hits="1"/><line number="1129" hits="6"/><line number="1134" hits="6"/><line number="1135" hits="2"/><line number="1138" hits="8"/><line number="1139" hits="12"/><line number="1141" hits="4"/><line number="1142" hits="8"/><line number="1143" hits="8"/><line number="1144" hits="4"/><line number="1145" hits="8"/><line number="1146" hits="8"/><line number="1147" hits="4"/><line number="1148" hits="4"/><line number="1152" hits="3"/><line number="1153" hits="6"/><line number="1154" hits="3"/><line number="1155" hits="12"/><line number="1156" hits="9"/><line number="1159" hits="3"/><line number="1160" hits="6"/><line number="1161" hits="3"/><line number="1163" hits="3"/><line number="1164" hits="3"/><line number="1166" hits="6"/><line number="1167" hits="12"/><line number="1168" hits="9"/><line number="1175" hits="1"/><line number="1176" hits="1"/><line number="1177" hits="0"/><line number="1179" hits="2"/><line number="1180" hits="3"/><line number="1181" hits="1"/><line number="1188" hits="1"/><line number="1189" hits="4"/><line number="1190" hits="3"/><line number="1192" hits="1"/><line number="1193" hits="3"/><line number="1194" hits="5"/><line number="1195" hits="2"/><line number="1197" hits="1"/><line number="1200" hits="3"/><line number="1201" hits="2"/><line number="1202" hits="3"/><line number="1205" hits="4"/><line number="1206" hits="5"/><line number="1210" hits="1"/><line number="1211" hits="0"/><line number="1214" hits="0"/><line number="1215" hits="0"/><line number="1216" hits="0"/><line number="1217" hits="0"/><line number="1218" hits="0"/><line number="1219" hits="0"/><line number="1220" hits="0"/><line number="1222" hits="1"/><line number="1225" hits="6"/><line number="1226" hits="3"/><line number="1229" hits="5"/><line number="1231" hits="6"/><line number="1232" hits="1"/><line number="1233" hits="1"/><line number="1234" hits="6"/><line number="1239" hits="5"/><line number="1240" hits="1"/><line number="1243" hits="2"/><line number="1244" hits="7"/><line number="1245" hits="3"/><line number="1246" hits="1"/><line number="1249" hits="1"/><line number="1255" hits="2"/><line number="1261" hits="8"/><line number="1262" hits="6"/><line number="1263" hits="6"/><line number="1265" hits="14"/><line number="1268" hits="8"/><line number="1269" hits="2"/><line number="1270" hits="0"/><line number="1273" hits="8"/><line number="1274" hits="10"/><line number="1275" hits="4"/><line number="1276" hits="10"/><line number="1277" hits="4"/><line number="1278" hits="10"/><line number="1279" hits="4"/><line number="1281" hits="4"/><line number="1282" hits="4"/><line number="1283" hits="2"/><line number="1284" hits="2"/><line number="1288" hits="2"/><line number="1289" hits="6"/><line number="1290" hits="2"/><line number="1291" hits="2"/><line number="1292" hits="2"/><line number="1294" hits="6"/><line number="1297" hits="2"/><line number="1298" hits="6"/><line number="1299" hits="10"/><line number="1300" hits="4"/><line number="1302" hits="2"/><line number="1305" hits="6"/><line number="1308" hits="9"/><line number="1311" hits="8"/><line number="1312" hits="2"/><line number="1314" hits="5"/><line number="1317" hits="6"/><line number="1318" hits="4"/><line number="1319" hits="6"/><line number="1323" hits="8"/><line number="1324" hits="10"/><line number="1327" hits="4"/><line number="1329" hits="3"/><line number="1330" hits="3"/><line number="1331" hits="2"/><line number="1332" hits="2"/><line number="1333" hits="2"/><line number="1334" hits="2"/><line number="1335" hits="2"/><line number="1336" hits="2"/><line number="1340" hits="1"/><line number="1341" hits="0"/><line number="1342" hits="0"/><line number="1343" hits="0"/><line number="1344" hits="0"/><line number="1345" hits="0"/><line number="1346" hits="0"/><line number="1347" hits="0"/><line number="1348" hits="0"/><line number="1349" hits="0"/><line number="1352" hits="2"/><line number="1353" hits="3"/><line number="1354" hits="2"/><line number="1355" hits="2"/><line number="1356" hits="2"/><line number="1357" hits="1"/><line number="1364" hits="2"/><line number="1367" hits="3"/><line number="1368" hits="3"/><line number="1369" hits="1"/><line number="1372" hits="2"/><line number="1377" hits="4"/><line number="1378" hits="8"/><line number="1419" hits="222"/><line number="1425" hits="1110"/><line number="1426" hits="688"/><line number="1427" hits="488"/><line number="1429" hits="488"/><line number="1430" hits="120"/><line number="1431" hits="372"/><line number="1432" hits="96"/><line number="1435" hits="28"/><line number="1437" hits="990"/><line number="1438" hits="109"/><line number="1441" hits="730"/><line number="1442" hits="729"/><line number="1444" hits="2"/><line number="1445" hits="2"/><line number="1446" hits="1"/><line number="1447" hits="1"/><line number="1449" hits="1"/><line number="1453" hits="221"/></lines></class><class name="style" filename="src/style.rs" line-rate="0.47513812154696133" branch-rate="0" complexity="0"><methods/><lines><line number="58" hits="0"/><line number="59" hits="0"/><line number="60" hits="0"/><line number="61" hits="0"/><line number="62" hits="0"/><line number="63" hits="0"/><line number="64" hits="0"/><line number="66" hits="0"/><line number="67" hits="0"/><line number="68" hits="0"/><line number="69" hits="0"/><line number="70" hits="0"/><line number="71" hits="0"/><line number="73" hits="0"/><line number="74" hits="0"/><line number="129" hits="34"/><line number="130" hits="34"/><line number="134" hits="0"/><line number="135" hits="0"/><line number="136" hits="0"/><line number="137" hits="0"/><line number="139" hits="0"/><line number="140" hits="0"/><line number="142" hits="0"/><line number="143" hits="0"/><line number="145" hits="0"/><line number="146" hits="0"/><line number="148" hits="0"/><line number="149" hits="0"/><line number="151" hits="0"/><line number="152" hits="0"/><line number="168" hits="0"/><line number="169" hits="0"/><line number="170" hits="0"/><line number="174" hits="0"/><line number="175" hits="0"/><line number="179" hits="3"/><line number="180" hits="3"/><line number="184" hits="47"/><line number="185" hits="47"/><line number="189" hits="24"/><line number="190" hits="24"/><line number="194" hits="20"/><line number="195" hits="40"/><line number="199" hits="6"/><line number="200" hits="12"/><line number="204" hits="2"/><line number="205" hits="2"/><line number="219" hits="2"/><line number="220" hits="4"/><line number="221" hits="2"/><line number="225" hits="2"/><line number="226" hits="2"/><line number="230" hits="2"/><line number="231" hits="4"/><line number="232" hits="2"/><line number="236" hits="6"/><line number="237" hits="6"/><line number="254" hits="6"/><line number="255" hits="18"/><line number="256" hits="6"/><line number="260" hits="0"/><line number="261" hits="0"/><line number="273" hits="0"/><line number="274" hits="0"/><line number="275" hits="0"/><line number="279" hits="0"/><line number="280" hits="0"/><line number="292" hits="0"/><line number="293" hits="0"/><line number="294" hits="0"/><line number="298" hits="0"/><line number="299" hits="0"/><line number="303" hits="0"/><line number="304" hits="0"/><line number="305" hits="0"/><line number="309" hits="3"/><line number="310" hits="3"/><line number="314" hits="2"/><line number="315" hits="6"/><line number="316" hits="2"/><line number="320" hits="2"/><line number="321" hits="2"/><line number="330" hits="0"/><line number="331" hits="0"/><line number="332" hits="0"/><line number="341" hits="3"/><line number="342" hits="6"/><line number="343" hits="15"/><line number="352" hits="1"/><line number="353" hits="4"/><line number="354" hits="6"/><line number="363" hits="20"/><line number="364" hits="20"/><line number="365" hits="40"/><line number="366" hits="22"/><line number="374" hits="19"/><line number="375" hits="76"/><line number="384" hits="0"/><line number="385" hits="0"/><line number="393" hits="6"/><line number="394" hits="36"/><line number="395" hits="12"/><line number="396" hits="6"/><line number="419" hits="3"/><line number="420" hits="12"/><line number="421" hits="18"/><line number="426" hits="0"/><line number="427" hits="0"/><line number="432" hits="0"/><line number="433" hits="0"/><line number="434" hits="0"/><line number="435" hits="0"/><line number="436" hits="0"/><line number="442" hits="0"/><line number="443" hits="0"/><line number="448" hits="0"/><line number="449" hits="0"/><line number="450" hits="0"/><line number="456" hits="0"/><line number="457" hits="0"/><line number="458" hits="0"/><line number="459" hits="0"/><line number="487" hits="18"/><line number="493" hits="54"/><line number="494" hits="36"/><line number="506" hits="0"/><line number="507" hits="0"/><line number="512" hits="0"/><line number="513" hits="0"/><line number="518" hits="0"/><line number="519" hits="0"/><line number="524" hits="12"/><line number="525" hits="60"/><line number="553" hits="1"/><line number="556" hits="2"/><line number="568" hits="1"/><line number="569" hits="4"/><line number="574" hits="0"/><line number="575" hits="0"/><line number="580" hits="0"/><line number="581" hits="0"/><line number="586" hits="0"/><line number="587" hits="0"/><line number="698" hits="1"/><line number="704" hits="3"/><line number="705" hits="2"/><line number="717" hits="0"/><line number="718" hits="0"/><line number="723" hits="0"/><line number="724" hits="0"/><line number="729" hits="0"/><line number="730" hits="0"/><line number="735" hits="0"/><line number="736" hits="0"/><line number="741" hits="1"/><line number="742" hits="5"/><line number="747" hits="0"/><line number="748" hits="0"/><line number="753" hits="0"/><line number="754" hits="0"/><line number="775" hits="4"/><line number="777" hits="4"/><line number="778" hits="4"/><line number="784" hits="0"/><line number="794" hits="2"/><line number="795" hits="2"/><line number="802" hits="1"/><line number="803" hits="1"/><line number="810" hits="1"/><line number="811" hits="3"/><line number="812" hits="1"/><line number="816" hits="12"/><line number="817" hits="12"/><line number="821" hits="1"/><line number="822" hits="1"/><line number="826" hits="1"/><line number="827" hits="3"/><line number="828" hits="1"/><line number="832" hits="5"/><line number="833" hits="5"/></lines></class><class name="subsetting" filename="src/subsetting.rs" line-rate="0.6470588235294118" branch-rate="0" complexity="0"><methods/><lines><line number="32" hits="1"/><line number="33" hits="4"/><line number="34" hits="0"/><line number="35" hits="0"/><line number="36" hits="0"/><line number="40" hits="2"/><line number="41" hits="2"/><line number="43" hits="13"/><line number="44" hits="44"/><line number="45" hits="22"/><line number="49" hits="5"/><line number="50" hits="0"/><line number="51" hits="0"/><line number="52" hits="0"/><line number="56" hits="1"/><line number="72" hits="2"/><line number="73" hits="6"/></lines></class><class name="wrap" filename="src/wrap.rs" line-rate="0.47619047619047616" branch-rate="0" complexity="0"><methods/><lines><line number="23" hits="1"/><line number="28" hits="1"/><line number="29" hits="1"/><line number="36" hits="1"/><line number="37" hits="1"/><line number="46" hits="1"/><line number="48" hits="2"/><line number="49" hits="4"/><line number="51" hits="1"/><line number="54" hits="2"/><line number="56" hits="5"/><line number="59" hits="0"/><line number="60" hits="0"/><line number="61" hits="0"/><line number="62" hits="0"/><line number="64" hits="2"/><line number="67" hits="1"/><line number="71" hits="1"/><line number="72" hits="1"/><line number="76" hits="0"/><line number="77" hits="0"/><line number="78" hits="0"/><line number="79" hits="0"/><line number="82" hits="0"/><line number="83" hits="0"/><line number="87" hits="0"/><line number="88" hits="0"/><line number="90" hits="0"/><line number="96" hits="1"/><line number="101" hits="1"/><line number="114" hits="0"/><line number="115" hits="0"/><line number="117" hits="0"/><line number="120" hits="0"/><line number="121" hits="0"/><line number="123" hits="0"/><line number="124" hits="0"/><line number="128" hits="0"/><line number="130" hits="0"/><line number="131" hits="0"/><line number="132" hits="0"/><line number="134" hits="0"/><line number="136" hits="0"/><line number="137" hits="0"/><line number="138" hits="0"/><line number="139" hits="0"/><line number="140" hits="0"/><line number="141" hits="0"/><line number="142" hits="0"/><line number="145" hits="0"/><line number="158" hits="1"/><line number="162" hits="3"/><line number="172" hits="3"/><line number="173" hits="16"/><line number="174" hits="6"/><line number="175" hits="4"/><line number="176" hits="2"/><line number="180" hits="5"/><line number="182" hits="11"/><line number="183" hits="8"/><line number="184" hits="6"/><line number="185" hits="8"/><line number="187" hits="1"/></lines></class></classes></package></packages></coverage>